<?xml version="1.0" encoding="UTF-8"?>
<!-- Generated by org.testng.reporters.JUnitReportReporter -->
<testsuite hostname="INFLAPD-863" failures="0" tests="3" name="pet.tests.FindPetsTest" time="8.699" errors="0" timestamp="2021-06-08T15:58:37 IST" skipped="0">
  <testcase classname="pet.tests.FindPetsTest" name="findPets" time="4.793"/>
  <testcase classname="pet.tests.FindPetsTest" name="findPets" time="1.847"/>
  <testcase classname="pet.tests.FindPetsTest" name="findPets" time="2.059"/>
</testsuite> <!-- pet.tests.FindPetsTest -->
