<?xml version="1.0" encoding="UTF-8"?>
<!-- Generated by org.testng.reporters.JUnitReportReporter -->
<testsuite hostname="INFLAPD-863" failures="0" tests="3" name="com.pet.api.tests.FindPetsTest" time="9.146" errors="0" timestamp="2021-06-08T13:46:13 IST" skipped="0">
  <testcase classname="com.pet.api.tests.FindPetsTest" name="findPets" time="5.161"/>
  <testcase classname="com.pet.api.tests.FindPetsTest" name="findPets" time="1.931"/>
  <testcase classname="com.pet.api.tests.FindPetsTest" name="findPets" time="2.054"/>
</testsuite> <!-- com.pet.api.tests.FindPetsTest -->
