<?xml version="1.0" encoding="UTF-8"?>
<!-- Generated by org.testng.reporters.JUnitReportReporter -->
<testsuite hostname="INFLAPD-863" failures="0" tests="1" name="com.pet.api.tests.PetTest" time="3.765" errors="0" timestamp="2021-06-07T21:48:18 IST" skipped="0">
  <testcase classname="com.pet.api.tests.PetTest" name="findPendingPets" time="3.765"/>
</testsuite> <!-- com.pet.api.tests.PetTest -->
