<?xml version="1.0" encoding="UTF-8"?>
<!-- Generated by org.testng.reporters.JUnitReportReporter -->
<testsuite hostname="fv-az83-907" failures="0" tests="3" name="pet.tests.FindPetsTest" time="6.544" errors="0" timestamp="2021-06-10T17:46:51 UTC" skipped="0">
  <testcase classname="pet.tests.FindPetsTest" name="findPets" time="0.617"/>
  <testcase classname="pet.tests.FindPetsTest" name="findPets" time="0.328"/>
  <testcase classname="pet.tests.FindPetsTest" name="findPets" time="5.599"/>
</testsuite> <!-- pet.tests.FindPetsTest -->
