<?xml version="1.0" encoding="UTF-8"?>
<!-- Generated by org.testng.reporters.JUnitReportReporter -->
<testsuite hostname="INFLAPD-863" failures="0" tests="3" name="pet.tests.FindPetsTest" time="11.303" errors="0" timestamp="2021-06-08T22:26:11 IST" skipped="0">
  <testcase classname="pet.tests.FindPetsTest" name="findPets" time="2.279"/>
  <testcase classname="pet.tests.FindPetsTest" name="findPets" time="7.074"/>
  <testcase classname="pet.tests.FindPetsTest" name="findPets" time="1.950"/>
</testsuite> <!-- pet.tests.FindPetsTest -->
