<?xml version="1.0" encoding="UTF-8"?>
<!-- Generated by org.testng.reporters.JUnitReportReporter -->
<testsuite hostname="fv-az83-318" failures="0" tests="3" name="pet.tests.FindPetsTest" time="6.613" errors="0" timestamp="2021-06-09T15:45:59 UTC" skipped="0">
  <testcase classname="pet.tests.FindPetsTest" name="findPets" time="5.594"/>
  <testcase classname="pet.tests.FindPetsTest" name="findPets" time="0.467"/>
  <testcase classname="pet.tests.FindPetsTest" name="findPets" time="0.552"/>
</testsuite> <!-- pet.tests.FindPetsTest -->
