<?xml version="1.0" encoding="UTF-8"?>
<!-- Generated by org.testng.reporters.JUnitReportReporter -->
<testsuite hostname="fv-az42-200" failures="0" tests="3" name="pet.tests.FindPetsTest" time="5.011" errors="0" timestamp="2021-06-11T06:39:20 UTC" skipped="0">
  <testcase classname="pet.tests.FindPetsTest" name="findPetsByStatus" time="4.466"/>
  <testcase classname="pet.tests.FindPetsTest" name="findPetsByStatus" time="0.306"/>
  <testcase classname="pet.tests.FindPetsTest" name="findPetsByStatus" time="0.239"/>
</testsuite> <!-- pet.tests.FindPetsTest -->
