<?xml version="1.0" encoding="UTF-8"?>
<!-- Generated by org.testng.reporters.JUnitReportReporter -->
<testsuite hostname="fv-az74-829" failures="0" tests="3" name="pet.tests.FindPetsTest" time="5.143" errors="0" timestamp="2021-06-10T17:37:00 UTC" skipped="0">
  <testcase classname="pet.tests.FindPetsTest" name="findPets" time="4.268"/>
  <testcase classname="pet.tests.FindPetsTest" name="findPets" time="0.318"/>
  <testcase classname="pet.tests.FindPetsTest" name="findPets" time="0.557"/>
</testsuite> <!-- pet.tests.FindPetsTest -->
