<?xml version="1.0" encoding="UTF-8"?>
<!-- Generated by org.testng.reporters.JUnitReportReporter -->
<testsuite hostname="fv-az39-568" failures="0" tests="3" name="pet.tests.FindPetsTest" time="4.974" errors="0" timestamp="2021-06-11T05:30:29 UTC" skipped="0">
  <testcase classname="pet.tests.FindPetsTest" name="findPets" time="0.295"/>
  <testcase classname="pet.tests.FindPetsTest" name="findPets" time="0.285"/>
  <testcase classname="pet.tests.FindPetsTest" name="findPets" time="4.394"/>
</testsuite> <!-- pet.tests.FindPetsTest -->
