<?xml version="1.0" encoding="UTF-8"?>
<!-- Generated by org.testng.reporters.JUnitReportReporter -->
<testsuite hostname="fv-az36-801" failures="0" tests="3" name="pet.tests.FindPetsTest" time="5.457" errors="0" timestamp="2021-06-09T03:49:00 UTC" skipped="0">
  <testcase classname="pet.tests.FindPetsTest" name="findPets" time="0.544"/>
  <testcase classname="pet.tests.FindPetsTest" name="findPets" time="0.356"/>
  <testcase classname="pet.tests.FindPetsTest" name="findPets" time="4.557"/>
</testsuite> <!-- pet.tests.FindPetsTest -->
