<?xml version="1.0" encoding="UTF-8"?>
<!-- Generated by org.testng.reporters.JUnitReportReporter -->
<testsuite hostname="fv-az83-907" failures="0" tests="3" name="pet.tests.FindPetsTest" time="5.057" errors="0" timestamp="2021-06-11T05:19:24 UTC" skipped="0">
  <testcase classname="pet.tests.FindPetsTest" name="findPets" time="0.366"/>
  <testcase classname="pet.tests.FindPetsTest" name="findPets" time="0.315"/>
  <testcase classname="pet.tests.FindPetsTest" name="findPets" time="4.376"/>
</testsuite> <!-- pet.tests.FindPetsTest -->
