<?xml version="1.0" encoding="UTF-8"?>
<!-- Generated by org.testng.reporters.JUnitReportReporter -->
<testsuite hostname="fv-az74-829" failures="0" tests="3" name="pet.tests.FindPetsTest" time="5.134" errors="0" timestamp="2021-06-11T05:48:19 UTC" skipped="0">
  <testcase classname="pet.tests.FindPetsTest" name="findPets" time="4.504"/>
  <testcase classname="pet.tests.FindPetsTest" name="findPets" time="0.319"/>
  <testcase classname="pet.tests.FindPetsTest" name="findPets" time="0.311"/>
</testsuite> <!-- pet.tests.FindPetsTest -->
