<?xml version="1.0" encoding="UTF-8"?>
<!-- Generated by org.testng.reporters.JUnitReportReporter -->
<testsuite hostname="fv-az33-408" failures="0" tests="3" name="pet.tests.FindPetsTest" time="5.893" errors="0" timestamp="2021-06-11T06:04:26 UTC" skipped="0">
  <testcase classname="pet.tests.FindPetsTest" name="findPetsByStatus" time="5.260"/>
  <testcase classname="pet.tests.FindPetsTest" name="findPetsByStatus" time="0.340"/>
  <testcase classname="pet.tests.FindPetsTest" name="findPetsByStatus" time="0.293"/>
</testsuite> <!-- pet.tests.FindPetsTest -->
