<?xml version="1.0" encoding="UTF-8"?>
<!-- Generated by org.testng.reporters.JUnitReportReporter -->
<testsuite hostname="fv-az33-408" failures="0" tests="3" name="pet.tests.FindPetsTest" time="5.044" errors="0" timestamp="2021-06-11T06:51:13 UTC" skipped="0">
  <testcase classname="pet.tests.FindPetsTest" name="findPetsByStatus" time="0.274"/>
  <testcase classname="pet.tests.FindPetsTest" name="findPetsByStatus" time="0.272"/>
  <testcase classname="pet.tests.FindPetsTest" name="findPetsByStatus" time="4.498"/>
</testsuite> <!-- pet.tests.FindPetsTest -->
