<?xml version="1.0" encoding="UTF-8"?>
<!-- Generated by org.testng.reporters.JUnitReportReporter -->
<testsuite hostname="fv-az39-329" failures="0" tests="3" name="pet.tests.FindPetsTest" time="6.183" errors="0" timestamp="2021-06-09T15:43:05 UTC" skipped="0">
  <testcase classname="pet.tests.FindPetsTest" name="findPets" time="5.170"/>
  <testcase classname="pet.tests.FindPetsTest" name="findPets" time="0.391"/>
  <testcase classname="pet.tests.FindPetsTest" name="findPets" time="0.622"/>
</testsuite> <!-- pet.tests.FindPetsTest -->
