<?xml version="1.0" encoding="UTF-8"?>
<!-- Generated by org.testng.reporters.JUnitReportReporter -->
<testsuite hostname="fv-az77-357" failures="0" tests="3" name="pet.tests.FindPetsTest" time="6.890" errors="0" timestamp="2021-06-10T14:05:33 UTC" skipped="0">
  <testcase classname="pet.tests.FindPetsTest" name="findPets" time="0.466"/>
  <testcase classname="pet.tests.FindPetsTest" name="findPets" time="5.746"/>
  <testcase classname="pet.tests.FindPetsTest" name="findPets" time="0.678"/>
</testsuite> <!-- pet.tests.FindPetsTest -->
