<?xml version="1.0" encoding="UTF-8"?>
<!-- Generated by org.testng.reporters.JUnitReportReporter -->
<testsuite hostname="fv-az33-84" failures="0" tests="3" name="pet.tests.FindPetsTest" time="6.185" errors="0" timestamp="2021-06-09T16:00:50 UTC" skipped="0">
  <testcase classname="pet.tests.FindPetsTest" name="findPets" time="0.572"/>
  <testcase classname="pet.tests.FindPetsTest" name="findPets" time="0.408"/>
  <testcase classname="pet.tests.FindPetsTest" name="findPets" time="5.205"/>
</testsuite> <!-- pet.tests.FindPetsTest -->
