<?xml version="1.0" encoding="UTF-8"?>
<!-- Generated by org.testng.reporters.JUnitReportReporter -->
<testsuite hostname="fv-az36-870" failures="0" tests="3" name="pet.tests.FindPetsTest" time="5.747" errors="0" timestamp="2021-06-11T05:27:35 UTC" skipped="0">
  <testcase classname="pet.tests.FindPetsTest" name="findPets" time="0.292"/>
  <testcase classname="pet.tests.FindPetsTest" name="findPets" time="0.293"/>
  <testcase classname="pet.tests.FindPetsTest" name="findPets" time="5.162"/>
</testsuite> <!-- pet.tests.FindPetsTest -->
