<?xml version="1.0" encoding="UTF-8"?>
<!-- Generated by org.testng.reporters.JUnitReportReporter -->
<testsuite hostname="INFLAPD-863" failures="0" tests="3" name="com.pet.api.tests.FindPetsTest" time="8.563" errors="0" timestamp="2021-06-08T15:45:46 IST" skipped="0">
  <testcase classname="com.pet.api.tests.FindPetsTest" name="findPets" time="2.028"/>
  <testcase classname="com.pet.api.tests.FindPetsTest" name="findPets" time="4.826"/>
  <testcase classname="com.pet.api.tests.FindPetsTest" name="findPets" time="1.709"/>
</testsuite> <!-- com.pet.api.tests.FindPetsTest -->
