<?xml version="1.0" encoding="UTF-8"?>
<!-- Generated by org.testng.reporters.JUnitReportReporter -->
<testsuite hostname="INFLAPD-863" failures="0" tests="3" name="pet.tests.FindPetsTest" time="15.322" errors="0" timestamp="2021-06-10T19:15:58 IST" skipped="0">
  <testcase classname="pet.tests.FindPetsTest" name="findPets" time="10.669"/>
  <testcase classname="pet.tests.FindPetsTest" name="findPets" time="2.154"/>
  <testcase classname="pet.tests.FindPetsTest" name="findPets" time="2.499"/>
</testsuite> <!-- pet.tests.FindPetsTest -->
