<?xml version="1.0" encoding="UTF-8"?>
<!-- Generated by org.testng.reporters.JUnitReportReporter -->
<testsuite hostname="fv-az33-408" failures="0" tests="3" name="pet.tests.FindPetsTest" time="5.100" errors="0" timestamp="2021-06-10T17:54:32 UTC" skipped="0">
  <testcase classname="pet.tests.FindPetsTest" name="findPets" time="0.436"/>
  <testcase classname="pet.tests.FindPetsTest" name="findPets" time="0.240"/>
  <testcase classname="pet.tests.FindPetsTest" name="findPets" time="4.424"/>
</testsuite> <!-- pet.tests.FindPetsTest -->
