<?xml version="1.0" encoding="UTF-8"?>
<!-- Generated by org.testng.reporters.JUnitReportReporter -->
<testsuite hostname="INFLAPD-863" failures="0" tests="3" name="pet.tests.FindPetsTest" time="8.355" errors="0" timestamp="2021-06-08T15:59:01 IST" skipped="0">
  <testcase classname="pet.tests.FindPetsTest" name="findPets" time="4.680"/>
  <testcase classname="pet.tests.FindPetsTest" name="findPets" time="1.844"/>
  <testcase classname="pet.tests.FindPetsTest" name="findPets" time="1.831"/>
</testsuite> <!-- pet.tests.FindPetsTest -->
