<?xml version="1.0" encoding="UTF-8"?>
<!-- Generated by org.testng.reporters.JUnitReportReporter -->
<testsuite hostname="fv-az77-495" failures="0" tests="3" name="pet.tests.FindPetsTest" time="6.284" errors="0" timestamp="2021-06-09T03:29:59 UTC" skipped="0">
  <testcase classname="pet.tests.FindPetsTest" name="findPets" time="5.142"/>
  <testcase classname="pet.tests.FindPetsTest" name="findPets" time="0.485"/>
  <testcase classname="pet.tests.FindPetsTest" name="findPets" time="0.657"/>
</testsuite> <!-- pet.tests.FindPetsTest -->
