<?xml version="1.0" encoding="UTF-8"?>
<!-- Generated by org.testng.reporters.JUnitReportReporter -->
<testsuite hostname="INFLAPD-863" failures="0" tests="3" name="pet.tests.FindPetsTest" time="10.021" errors="0" timestamp="2021-06-11T10:09:02 IST" skipped="0">
  <testcase classname="pet.tests.FindPetsTest" name="findPets" time="1.714"/>
  <testcase classname="pet.tests.FindPetsTest" name="findPets" time="6.471"/>
  <testcase classname="pet.tests.FindPetsTest" name="findPets" time="1.836"/>
</testsuite> <!-- pet.tests.FindPetsTest -->
