<?xml version="1.0" encoding="UTF-8"?>
<!-- Generated by org.testng.reporters.JUnitReportReporter -->
<testsuite hostname="fv-az42-156" failures="0" tests="3" name="pet.tests.FindPetsTest" time="6.105" errors="0" timestamp="2021-06-09T04:05:21 UTC" skipped="0">
  <testcase classname="pet.tests.FindPetsTest" name="findPets" time="0.384"/>
  <testcase classname="pet.tests.FindPetsTest" name="findPets" time="0.636"/>
  <testcase classname="pet.tests.FindPetsTest" name="findPets" time="5.085"/>
</testsuite> <!-- pet.tests.FindPetsTest -->
