<?xml version="1.0" encoding="UTF-8"?>
<!-- Generated by org.testng.reporters.JUnitReportReporter -->
<testsuite hostname="fv-az77-674" failures="0" tests="3" name="pet.tests.FindPetsTest" time="5.167" errors="0" timestamp="2021-06-11T04:47:27 UTC" skipped="0">
  <testcase classname="pet.tests.FindPetsTest" name="findPets" time="0.335"/>
  <testcase classname="pet.tests.FindPetsTest" name="findPets" time="0.312"/>
  <testcase classname="pet.tests.FindPetsTest" name="findPets" time="4.520"/>
</testsuite> <!-- pet.tests.FindPetsTest -->
