<?xml version="1.0" encoding="UTF-8"?>
<!-- Generated by org.testng.reporters.JUnitReportReporter -->
<testsuite hostname="fv-az33-379" failures="0" tests="3" name="pet.tests.FindPetsTest" time="5.964" errors="0" timestamp="2021-06-09T03:34:23 UTC" skipped="0">
  <testcase classname="pet.tests.FindPetsTest" name="findPets" time="0.598"/>
  <testcase classname="pet.tests.FindPetsTest" name="findPets" time="0.410"/>
  <testcase classname="pet.tests.FindPetsTest" name="findPets" time="4.956"/>
</testsuite> <!-- pet.tests.FindPetsTest -->
