<?xml version="1.0" encoding="UTF-8"?>
<!-- Generated by org.testng.reporters.JUnitReportReporter -->
<testsuite hostname="fv-az33-408" failures="0" tests="3" name="pet.tests.FindPetsTest" time="6.415" errors="0" timestamp="2021-06-10T17:30:16 UTC" skipped="0">
  <testcase classname="pet.tests.FindPetsTest" name="findPets" time="0.651"/>
  <testcase classname="pet.tests.FindPetsTest" name="findPets" time="0.282"/>
  <testcase classname="pet.tests.FindPetsTest" name="findPets" time="5.482"/>
</testsuite> <!-- pet.tests.FindPetsTest -->
