<?xml version="1.0" encoding="UTF-8"?>
<!-- Generated by org.testng.reporters.JUnitReportReporter -->
<testsuite hostname="fv-az42-501" failures="0" tests="3" name="pet.tests.FindPetsTest" time="5.824" errors="0" timestamp="2021-06-09T15:58:37 UTC" skipped="0">
  <testcase classname="pet.tests.FindPetsTest" name="findPets" time="4.886"/>
  <testcase classname="pet.tests.FindPetsTest" name="findPets" time="0.382"/>
  <testcase classname="pet.tests.FindPetsTest" name="findPets" time="0.556"/>
</testsuite> <!-- pet.tests.FindPetsTest -->
