<?xml version="1.0" encoding="UTF-8"?>
<!-- Generated by org.testng.reporters.JUnitReportReporter -->
<testsuite hostname="INFLAPD-863" failures="0" tests="3" name="pet.tests.FindPetsTest" time="11.237" errors="0" timestamp="2021-06-08T22:08:12 IST" skipped="0">
  <testcase classname="pet.tests.FindPetsTest" name="findPets" time="2.093"/>
  <testcase classname="pet.tests.FindPetsTest" name="findPets" time="6.801"/>
  <testcase classname="pet.tests.FindPetsTest" name="findPets" time="2.343"/>
</testsuite> <!-- pet.tests.FindPetsTest -->
